{"/home/noct/HD2TB/Cursos/react_tdd/giftgiver/giftgiver/src/components/App.js": {"path":"/home/noct/HD2TB/Cursos/react_tdd/giftgiver/giftgiver/src/components/App.js","statementMap":{"0":{"start":{"line":8,"column":8},"end":{"line":8,"column":20}},"1":{"start":{"line":9,"column":8},"end":{"line":9,"column":46}},"2":{"start":{"line":10,"column":8},"end":{"line":12,"column":9}},"3":{"start":{"line":18,"column":22},"end":{"line":18,"column":38}},"4":{"start":{"line":19,"column":24},"end":{"line":19,"column":50}},"5":{"start":{"line":19,"column":42},"end":{"line":19,"column":49}},"6":{"start":{"line":20,"column":23},"end":{"line":20,"column":42}},"7":{"start":{"line":21,"column":8},"end":{"line":21,"column":38}},"8":{"start":{"line":22,"column":8},"end":{"line":24,"column":10}},"9":{"start":{"line":28,"column":22},"end":{"line":28,"column":69}},"10":{"start":{"line":28,"column":54},"end":{"line":28,"column":68}},"11":{"start":{"line":29,"column":8},"end":{"line":31,"column":10}},"12":{"start":{"line":36,"column":8},"end":{"line":55,"column":9}},"13":{"start":{"line":42,"column":24},"end":{"line":47,"column":25}}},"fnMap":{"0":{"name":"(anonymous_0)","decl":{"start":{"line":7,"column":4},"end":{"line":7,"column":5}},"loc":{"start":{"line":7,"column":23},"end":{"line":13,"column":5}},"line":7},"1":{"name":"(anonymous_1)","decl":{"start":{"line":17,"column":4},"end":{"line":17,"column":5}},"loc":{"start":{"line":17,"column":14},"end":{"line":25,"column":5}},"line":17},"2":{"name":"(anonymous_2)","decl":{"start":{"line":19,"column":34},"end":{"line":19,"column":35}},"loc":{"start":{"line":19,"column":42},"end":{"line":19,"column":49}},"line":19},"3":{"name":"(anonymous_3)","decl":{"start":{"line":27,"column":17},"end":{"line":27,"column":18}},"loc":{"start":{"line":27,"column":23},"end":{"line":32,"column":5}},"line":27},"4":{"name":"(anonymous_4)","decl":{"start":{"line":28,"column":46},"end":{"line":28,"column":47}},"loc":{"start":{"line":28,"column":54},"end":{"line":28,"column":68}},"line":28},"5":{"name":"(anonymous_5)","decl":{"start":{"line":35,"column":4},"end":{"line":35,"column":5}},"loc":{"start":{"line":35,"column":13},"end":{"line":56,"column":5}},"line":35},"6":{"name":"(anonymous_6)","decl":{"start":{"line":41,"column":41},"end":{"line":41,"column":42}},"loc":{"start":{"line":41,"column":49},"end":{"line":48,"column":21}},"line":41}},"branchMap":{},"s":{"0":1,"1":1,"2":1,"3":4,"4":4,"5":0,"6":4,"7":4,"8":4,"9":1,"10":1,"11":1,"12":10,"13":4},"f":{"0":1,"1":4,"2":0,"3":1,"4":1,"5":10,"6":4},"b":{},"_coverageSchema":"332fd63041d2c1bcb487cc26dd0d5f7d97098a6c","hash":"5eb73857b25546b216e482e86961b810547d7723"}
,"/home/noct/HD2TB/Cursos/react_tdd/giftgiver/giftgiver/src/components/Gift.js": {"path":"/home/noct/HD2TB/Cursos/react_tdd/giftgiver/giftgiver/src/components/Gift.js","statementMap":{"0":{"start":{"line":15,"column":8},"end":{"line":15,"column":20}},"1":{"start":{"line":16,"column":8},"end":{"line":16,"column":47}},"2":{"start":{"line":20,"column":8},"end":{"line":50,"column":9}},"3":{"start":{"line":28,"column":52},"end":{"line":28,"column":93}},"4":{"start":{"line":35,"column":48},"end":{"line":35,"column":90}},"5":{"start":{"line":41,"column":36},"end":{"line":41,"column":76}}},"fnMap":{"0":{"name":"(anonymous_0)","decl":{"start":{"line":14,"column":4},"end":{"line":14,"column":5}},"loc":{"start":{"line":14,"column":22},"end":{"line":17,"column":5}},"line":14},"1":{"name":"(anonymous_1)","decl":{"start":{"line":19,"column":4},"end":{"line":19,"column":5}},"loc":{"start":{"line":19,"column":12},"end":{"line":51,"column":5}},"line":19},"2":{"name":"(anonymous_2)","decl":{"start":{"line":28,"column":47},"end":{"line":28,"column":48}},"loc":{"start":{"line":28,"column":52},"end":{"line":28,"column":93}},"line":28},"3":{"name":"(anonymous_3)","decl":{"start":{"line":35,"column":43},"end":{"line":35,"column":44}},"loc":{"start":{"line":35,"column":48},"end":{"line":35,"column":90}},"line":35},"4":{"name":"(anonymous_4)","decl":{"start":{"line":40,"column":41},"end":{"line":40,"column":42}},"loc":{"start":{"line":40,"column":47},"end":{"line":42,"column":33}},"line":40}},"branchMap":{},"s":{"0":1,"1":1,"2":3,"3":1,"4":1,"5":1},"f":{"0":1,"1":3,"2":1,"3":1,"4":1},"b":{},"_coverageSchema":"332fd63041d2c1bcb487cc26dd0d5f7d97098a6c","hash":"4c5eeed82f00eb0235821fa3e69e782a7475cc57"}
,"/home/noct/HD2TB/Cursos/react_tdd/giftgiver/giftgiver/src/helper/index.js": {"path":"/home/noct/HD2TB/Cursos/react_tdd/giftgiver/giftgiver/src/helper/index.js","statementMap":{"0":{"start":{"line":2,"column":26},"end":{"line":2,"column":87}},"1":{"start":{"line":2,"column":40},"end":{"line":2,"column":87}}},"fnMap":{"0":{"name":"(anonymous_0)","decl":{"start":{"line":2,"column":26},"end":{"line":2,"column":27}},"loc":{"start":{"line":2,"column":40},"end":{"line":2,"column":87}},"line":2}},"branchMap":{"0":{"loc":{"start":{"line":2,"column":40},"end":{"line":2,"column":87}},"type":"cond-expr","locations":[{"start":{"line":2,"column":63},"end":{"line":2,"column":64}},{"start":{"line":2,"column":67},"end":{"line":2,"column":87}}],"line":2}},"s":{"0":2,"1":6},"f":{"0":6},"b":{"0":[5,1]},"_coverageSchema":"332fd63041d2c1bcb487cc26dd0d5f7d97098a6c","hash":"d0679d705856dc163f19eabce3c99056a79288b2"}
}
