TN:
SF:/home/noct/HD2TB/Cursos/react_tdd/giftgiver/giftgiver/src/components/App.js
FN:7,(anonymous_0)
FN:17,(anonymous_1)
FN:19,(anonymous_2)
FN:27,(anonymous_3)
FN:28,(anonymous_4)
FN:35,(anonymous_5)
FN:41,(anonymous_6)
FNF:7
FNH:6
FNDA:1,(anonymous_0)
FNDA:4,(anonymous_1)
FNDA:0,(anonymous_2)
FNDA:1,(anonymous_3)
FNDA:1,(anonymous_4)
FNDA:10,(anonymous_5)
FNDA:4,(anonymous_6)
DA:8,1
DA:9,1
DA:10,1
DA:18,4
DA:19,4
DA:20,4
DA:21,4
DA:22,4
DA:28,1
DA:29,1
DA:36,10
DA:42,4
LF:12
LH:12
BRF:0
BRH:0
end_of_record
TN:
SF:/home/noct/HD2TB/Cursos/react_tdd/giftgiver/giftgiver/src/components/Gift.js
FN:14,(anonymous_0)
FN:19,(anonymous_1)
FN:28,(anonymous_2)
FN:35,(anonymous_3)
FN:40,(anonymous_4)
FNF:5
FNH:5
FNDA:1,(anonymous_0)
FNDA:3,(anonymous_1)
FNDA:1,(anonymous_2)
FNDA:1,(anonymous_3)
FNDA:1,(anonymous_4)
DA:15,1
DA:16,1
DA:20,3
DA:28,1
DA:35,1
DA:41,1
LF:6
LH:6
BRF:0
BRH:0
end_of_record
TN:
SF:/home/noct/HD2TB/Cursos/react_tdd/giftgiver/giftgiver/src/helper/index.js
FN:2,(anonymous_0)
FNF:1
FNH:1
FNDA:6,(anonymous_0)
DA:2,6
LF:1
LH:1
BRDA:2,0,0,5
BRDA:2,0,1,1
BRF:2
BRH:2
end_of_record
